<?xml version="1.0" encoding="UTF-8"?>
<!-- Generated by org.testng.reporters.JUnitReportReporter -->
<testsuite hostname="DESKTOP-106NUDN" failures="0" tests="2" name="Promise_Test.test1" time="0.010" errors="0" timestamp="11 Sep 2020 11:55:27 GMT">
  <testcase classname="Promise_Test.test1" name="verify_promise" time="0.001"/>
  <testcase classname="Promise_Test.test1" name="add_promise" time="0.009"/>
</testsuite> <!-- Promise_Test.test1 -->
